Thu Sep 25 11:51:51 CEST 2025
NVIDIA H100
Warning: weights not properly specified, assuming constant weights instead.
GPU found?
[CudaDevice(id=0)]
We are using the default NEP prior, so max_L_sym = 200.0
Using the regular nbreak prior: U[1.0, 2.0] * 0.16
Fixed params loaded inside the MicroToMacroTransform:
    Q_sym: 0.0
    Z_sym: 0.0
    E_sat: -16.0
    Q_sat: 0.0
    Z_sat: 0.0
Not sampling PREX or CREX data now
Sanity checking: likelihoods_list = [<utils.GWlikelihood_with_masses object at 0x14d89f5ef850>, <utils.GWlikelihood_with_masses object at 0x14c293bd39a0>, <utils.RadioTimingLikelihood object at 0x14c293af2a10>, <utils.RadioTimingLikelihood object at 0x14c292cae410>]
len(likelihoods_list) = 4
Fixed params loaded inside the MicroToMacroTransform:
    Q_sym: 0.0
    Z_sym: 0.0
    E_sat: -16.0
    Q_sat: 0.0
    Z_sat: 0.0
We are going to give these kwargs to Jim:
{'n_loop_training': 60, 'n_loop_production': 30, 'n_chains': 1000, 'n_local_steps': 50, 'n_global_steps': 50, 'n_epochs': 20, 'train_thinning': 1, 'output_thinning': 5, 'local_sampler_name': 'GaussianRandomWalk'}
We are going to sample the following parameters:
['E_sym', 'L_sym', 'K_sym', 'K_sat', 'nbreak', 'n_CSE_0_u', 'cs2_CSE_0', 'n_CSE_1_u', 'cs2_CSE_1', 'n_CSE_2_u', 'cs2_CSE_2', 'n_CSE_3_u', 'cs2_CSE_3', 'n_CSE_4_u', 'cs2_CSE_4', 'n_CSE_5_u', 'cs2_CSE_5', 'n_CSE_6_u', 'cs2_CSE_6', 'n_CSE_7_u', 'cs2_CSE_7', 'cs2_CSE_8', 'mass_1_GW170817', 'mass_2_GW170817', 'mass_1_GW231109', 'mass_2_GW231109']
No sample transforms provided. Using prior parameters as sampling parameters
Jim received the local sampler name: GaussianRandomWalk
Step size given was a matrix, converting to diagonal for GaussianRandomWalk
['n_dim', 'n_chains', 'n_local_steps', 'n_global_steps', 'n_loop', 'output_thinning', 'verbose']
log_prob
[ -96.26843031 -129.91599041 -134.82144824]
Sampling seed is set to: 11
Global Tuning:   0%|          | 0/60 [00:00<?, ?it/s]Global Tuning:   2%|▏         | 1/60 [01:40<1:38:50, 100.51s/it]Global Tuning:   3%|▎         | 2/60 [02:11<57:22, 59.36s/it]   Global Tuning:   5%|▌         | 3/60 [02:39<43:08, 45.41s/it]Global Tuning:   7%|▋         | 4/60 [03:13<37:54, 40.62s/it]Global Tuning:   8%|▊         | 5/60 [03:46<34:46, 37.94s/it]Global Tuning:  10%|█         | 6/60 [04:21<33:13, 36.92s/it]Global Tuning:  12%|█▏        | 7/60 [04:57<32:29, 36.79s/it]Global Tuning:  13%|█▎        | 8/60 [05:33<31:37, 36.49s/it]Global Tuning:  15%|█▌        | 9/60 [06:09<30:47, 36.22s/it]Global Tuning:  17%|█▋        | 10/60 [06:45<30:13, 36.27s/it]Global Tuning:  18%|█▊        | 11/60 [07:21<29:37, 36.27s/it]Global Tuning:  20%|██        | 12/60 [08:00<29:29, 36.87s/it]Global Tuning:  22%|██▏       | 13/60 [08:37<28:52, 36.87s/it]Global Tuning:  23%|██▎       | 14/60 [09:13<28:12, 36.79s/it]Global Tuning:  25%|██▌       | 15/60 [09:49<27:24, 36.55s/it]Global Tuning:  27%|██▋       | 16/60 [10:29<27:36, 37.65s/it]Global Tuning:  28%|██▊       | 17/60 [11:06<26:49, 37.44s/it]Global Tuning:  30%|███       | 18/60 [11:44<26:11, 37.42s/it]Global Tuning:  32%|███▏      | 19/60 [12:19<25:04, 36.70s/it]Global Tuning:  33%|███▎      | 20/60 [12:56<24:36, 36.92s/it]Global Tuning:  35%|███▌      | 21/60 [13:34<24:10, 37.20s/it]jax.pure_callback failed
Traceback (most recent call last):
  File "/home/twouters2/miniconda3/envs/jester/lib/python3.10/site-packages/jax/_src/callback.py", line 86, in pure_callback_impl
    return tree_util.tree_map(np.asarray, callback(*args))
  File "/home/twouters2/miniconda3/envs/jester/lib/python3.10/site-packages/jax/_src/callback.py", line 64, in __call__
    return tree_util.tree_leaves(self.callback_func(*args, **kwargs))
  File "/home/twouters2/miniconda3/envs/jester/lib/python3.10/site-packages/equinox/_errors.py", line 89, in raises
    raise _EquinoxRuntimeError(
equinox._errors._EquinoxRuntimeError: The maximum number of solver steps was reached. Try increasing `max_steps`.


--------------------
An error occurred during the runtime of your JAX program! Unfortunately you do not appear to be using `equinox.filter_jit` (perhaps you are using `jax.jit` instead?) and so further information about the error cannot be displayed. (Probably you are seeing a very large but uninformative error message right now.) Please wrap your program with `equinox.filter_jit`.
--------------------

E0925 12:08:35.223369 3045103 pjrt_stream_executor_client.cc:3067] Execution of replica 0 failed: INTERNAL: CustomCall failed: CpuCallback error: Traceback (most recent call last):
  File "/gpfs/home6/twouters2/projects/GW231109/GW231109_extreme_matter/jester/inference.py", line 502, in <module>
  File "/gpfs/home6/twouters2/projects/GW231109/GW231109_extreme_matter/jester/inference.py", line 429, in main
  File "/gpfs/home6/twouters2/projects/GW231109/jim/src/jimgw/jim.py", line 127, in sample
  File "/gpfs/home6/twouters2/projects/GW231109/flowMC/src/flowMC/Sampler.py", line 204, in sample
  File "/gpfs/home6/twouters2/projects/GW231109/flowMC/src/flowMC/strategy/global_tuning.py", line 174, in __call__
  File "/gpfs/home6/twouters2/projects/GW231109/flowMC/src/flowMC/proposal/NF_proposal.py", line 130, in sample
  File "/gpfs/home6/twouters2/projects/GW231109/flowMC/src/flowMC/proposal/NF_proposal.py", line 198, in sample_flow
  File "/home/twouters2/miniconda3/envs/jester/lib/python3.10/site-packages/jax/_src/traceback_util.py", line 180, in reraise_with_filtered_traceback
  File "/home/twouters2/miniconda3/envs/jester/lib/python3.10/site-packages/jax/_src/pjit.py", line 332, in cache_miss
  File "/home/twouters2/miniconda3/envs/jester/lib/python3.10/site-packages/jax/_src/pjit.py", line 190, in _python_pjit_helper
  File "/home/twouters2/miniconda3/envs/jester/lib/python3.10/site-packages/jax/_src/core.py", line 2739, in bind
  File "/home/twouters2/miniconda3/envs/jester/lib/python3.10/site-packages/jax/_src/core.py", line 433, in bind_with_trace
  File "/home/twouters2/miniconda3/envs/jester/lib/python3.10/site-packages/jax/_src/core.py", line 939, in process_primitive
  File "/home/twouters2/miniconda3/envs/jester/lib/python3.10/site-packages/jax/_src/pjit.py", line 1730, in _pjit_call_impl
  File "/home/twouters2/miniconda3/envs/jester/lib/python3.10/site-packages/jax/_src/pjit.py", line 1712, in call_impl_cache_miss
  File "/home/twouters2/miniconda3/envs/jester/lib/python3.10/site-packages/jax/_src/pjit.py", line 1666, in _pjit_call_impl_python
  File "/home/twouters2/miniconda3/envs/jester/lib/python3.10/site-packages/jax/_src/profiler.py", line 336, in wrapper
  File "/home/twouters2/miniconda3/envs/jester/lib/python3.10/site-packages/jax/_src/interpreters/pxla.py", line 1239, in __call__
  File "/home/twouters2/miniconda3/envs/jester/lib/python3.10/site-packages/jax/_src/interpreters/mlir.py", line 2656, in _wrapped_callback
  File "/home/twouters2/miniconda3/envs/jester/lib/python3.10/site-packages/jax/_src/callback.py", line 228, in _callback
  File "/home/twouters2/miniconda3/envs/jester/lib/python3.10/site-packages/jax/_src/callback.py", line 89, in pure_callback_impl
  File "/home/twouters2/miniconda3/envs/jester/lib/python3.10/site-packages/jax/_src/callback.py", line 64, in __call__
  File "/home/twouters2/miniconda3/envs/jester/lib/python3.10/site-packages/equinox/_errors.py", line 89, in raises
_EquinoxRuntimeError: The maximum number of solver steps was reached. Try increasing `max_steps`.


--------------------
An error occurred during the runtime of your JAX program! Unfortunately you do not appear to be using `equinox.filter_jit` (perhaps you are using `jax.jit` instead?) and so further information about the error cannot be displayed. (Probably you are seeing a very large but uninformative error message right now.) Please wrap your program with `equinox.filter_jit`.
--------------------

Global Tuning:  35%|███▌      | 21/60 [14:54<27:41, 42.59s/it]
jax.errors.SimplifiedTraceback: For simplicity, JAX has removed its internal frames from the traceback of the following exception. Set JAX_TRACEBACK_FILTERING=off to include these.

The above exception was the direct cause of the following exception:

Traceback (most recent call last):
  File "/gpfs/home6/twouters2/projects/GW231109/GW231109_extreme_matter/jester/inference.py", line 502, in <module>
    main(args)
  File "/gpfs/home6/twouters2/projects/GW231109/GW231109_extreme_matter/jester/inference.py", line 429, in main
    jim.sample(jax.random.PRNGKey(args.sampling_seed))
  File "/gpfs/home6/twouters2/projects/GW231109/jim/src/jimgw/jim.py", line 127, in sample
    self.sampler.sample(initial_position, None)  # type: ignore
  File "/gpfs/home6/twouters2/projects/GW231109/flowMC/src/flowMC/Sampler.py", line 204, in sample
    ) = strategy(
  File "/gpfs/home6/twouters2/projects/GW231109/flowMC/src/flowMC/strategy/global_tuning.py", line 174, in __call__
    ) = global_sampler.sample(
  File "/gpfs/home6/twouters2/projects/GW231109/flowMC/src/flowMC/proposal/NF_proposal.py", line 130, in sample
    proposal_position, log_prob_proposal, log_prob_nf_proposal = self.sample_flow(
  File "/gpfs/home6/twouters2/projects/GW231109/flowMC/src/flowMC/proposal/NF_proposal.py", line 198, in sample_flow
    self.logpdf_vmap(proposal_position[i], data)
jaxlib.xla_extension.XlaRuntimeError: INTERNAL: CustomCall failed: CpuCallback error: Traceback (most recent call last):
  File "/gpfs/home6/twouters2/projects/GW231109/GW231109_extreme_matter/jester/inference.py", line 502, in <module>
  File "/gpfs/home6/twouters2/projects/GW231109/GW231109_extreme_matter/jester/inference.py", line 429, in main
  File "/gpfs/home6/twouters2/projects/GW231109/jim/src/jimgw/jim.py", line 127, in sample
  File "/gpfs/home6/twouters2/projects/GW231109/flowMC/src/flowMC/Sampler.py", line 204, in sample
  File "/gpfs/home6/twouters2/projects/GW231109/flowMC/src/flowMC/strategy/global_tuning.py", line 174, in __call__
  File "/gpfs/home6/twouters2/projects/GW231109/flowMC/src/flowMC/proposal/NF_proposal.py", line 130, in sample
  File "/gpfs/home6/twouters2/projects/GW231109/flowMC/src/flowMC/proposal/NF_proposal.py", line 198, in sample_flow
  File "/home/twouters2/miniconda3/envs/jester/lib/python3.10/site-packages/jax/_src/traceback_util.py", line 180, in reraise_with_filtered_traceback
  File "/home/twouters2/miniconda3/envs/jester/lib/python3.10/site-packages/jax/_src/pjit.py", line 332, in cache_miss
  File "/home/twouters2/miniconda3/envs/jester/lib/python3.10/site-packages/jax/_src/pjit.py", line 190, in _python_pjit_helper
  File "/home/twouters2/miniconda3/envs/jester/lib/python3.10/site-packages/jax/_src/core.py", line 2739, in bind
  File "/home/twouters2/miniconda3/envs/jester/lib/python3.10/site-packages/jax/_src/core.py", line 433, in bind_with_trace
  File "/home/twouters2/miniconda3/envs/jester/lib/python3.10/site-packages/jax/_src/core.py", line 939, in process_primitive
  File "/home/twouters2/miniconda3/envs/jester/lib/python3.10/site-packages/jax/_src/pjit.py", line 1730, in _pjit_call_impl
  File "/home/twouters2/miniconda3/envs/jester/lib/python3.10/site-packages/jax/_src/pjit.py", line 1712, in call_impl_cache_miss
  File "/home/twouters2/miniconda3/envs/jester/lib/python3.10/site-packages/jax/_src/pjit.py", line 1666, in _pjit_call_impl_python
  File "/home/twouters2/miniconda3/envs/jester/lib/python3.10/site-packages/jax/_src/profiler.py", line 336, in wrapper
  File "/home/twouters2/miniconda3/envs/jester/lib/python3.10/site-packages/jax/_src/interpreters/pxla.py", line 1239, in __call__
  File "/home/twouters2/miniconda3/envs/jester/lib/python3.10/site-packages/jax/_src/interpreters/mlir.py", line 2656, in _wrapped_callback
  File "/home/twouters2/miniconda3/envs/jester/lib/python3.10/site-packages/jax/_src/callback.py", line 228, in _callback
  File "/home/twouters2/miniconda3/envs/jester/lib/python3.10/site-packages/jax/_src/callback.py", line 89, in pure_callback_impl
  File "/home/twouters2/miniconda3/envs/jester/lib/python3.10/site-packages/jax/_src/callback.py", line 64, in __call__
  File "/home/twouters2/miniconda3/envs/jester/lib/python3.10/site-packages/equinox/_errors.py", line 89, in raises
_EquinoxRuntimeError: The maximum number of solver steps was reached. Try increasing `max_steps`.


--------------------
An error occurred during the runtime of your JAX program! Unfortunately you do not appear to be using `equinox.filter_jit` (perhaps you are using `jax.jit` instead?) and so further information about the error cannot be displayed. (Probably you are seeing a very large but uninformative error message right now.) Please wrap your program with `equinox.filter_jit`.
--------------------


JOB STATISTICS
==============
Job ID: 14885470
Cluster: snellius
User/Group: twouters2/twouters2
State: RUNNING
Nodes: 1
Cores per node: 16
CPU Utilized: 00:00:00
CPU Efficiency: 0.00% of 04:30:56 core-walltime
Job Wall-clock time: 00:16:56
Memory Utilized: 0.00 MB
Memory Efficiency: 0.00% of 20.00 GB (20.00 GB/node)
WARNING: Efficiency statistics can only be obtained after the job has ended as seff tool is based on the accounting database data.
